<?xml version="1.0" encoding="UTF-8"?>
<!-- Generated by org.testng.reporters.JUnitReportReporter -->
<testsuite hostname="DESKTOP-OODQLTV" failures="0" tests="3" name="com.vtech.testcases.HomePageTC" time="2.272" errors="0" timestamp="2024-03-23T15:17:18 IST" skipped="0">
  <testcase classname="com.vtech.testcases.HomePageTC" name="verifyUserLandedOnHomePage" time="0.168"/>
  <testcase classname="com.vtech.testcases.HomePageTC" name="validateManagerId" time="0.044"/>
  <testcase classname="com.vtech.testcases.HomePageTC" name="verifyLogoutFunctionality" time="2.060"/>
</testsuite> <!-- com.vtech.testcases.HomePageTC -->
